   1               		.file	"Events.c"
   2               	__SP_H__ = 0x3e
   3               	__SP_L__ = 0x3d
   4               	__SREG__ = 0x3f
   5               	__tmp_reg__ = 0
   6               	__zero_reg__ = 1
   7               		.section	.text.USB_Event_Stub,"ax",@progbits
   8               	.global	USB_Event_Stub
  10               	USB_Event_Stub:
  11               	/* prologue: function */
  12               	/* frame size = 0 */
  13               	/* stack size = 0 */
  14               	.L__stack_usage = 0
  15 0000 0895      		ret
  17               		.weak	EVENT_USB_Device_Reset
  18               		.set	EVENT_USB_Device_Reset,USB_Event_Stub
  19               		.weak	EVENT_USB_Device_WakeUp
  20               		.set	EVENT_USB_Device_WakeUp,USB_Event_Stub
  21               		.weak	EVENT_USB_Device_Suspend
  22               		.set	EVENT_USB_Device_Suspend,USB_Event_Stub
  23               		.weak	EVENT_USB_Device_ConfigurationChanged
  24               		.set	EVENT_USB_Device_ConfigurationChanged,USB_Event_Stub
  25               		.weak	EVENT_USB_Device_UnhandledControlRequest
  26               		.set	EVENT_USB_Device_UnhandledControlRequest,USB_Event_Stub
  27               		.weak	EVENT_USB_Device_Disconnect
  28               		.set	EVENT_USB_Device_Disconnect,USB_Event_Stub
  29               		.weak	EVENT_USB_Device_Connect
  30               		.set	EVENT_USB_Device_Connect,USB_Event_Stub
  31               		.ident	"GCC: (GNU) 5.4.0"
DEFINED SYMBOLS
                            *ABS*:00000000 Events.c
     /tmp/ccc2kQuA.s:2      *ABS*:0000003e __SP_H__
     /tmp/ccc2kQuA.s:3      *ABS*:0000003d __SP_L__
     /tmp/ccc2kQuA.s:4      *ABS*:0000003f __SREG__
     /tmp/ccc2kQuA.s:5      *ABS*:00000000 __tmp_reg__
     /tmp/ccc2kQuA.s:6      *ABS*:00000001 __zero_reg__
     /tmp/ccc2kQuA.s:10     .text.USB_Event_Stub:00000000 USB_Event_Stub
     /tmp/ccc2kQuA.s:10     .text.USB_Event_Stub:00000000 EVENT_USB_Device_Reset
     /tmp/ccc2kQuA.s:10     .text.USB_Event_Stub:00000000 EVENT_USB_Device_WakeUp
     /tmp/ccc2kQuA.s:10     .text.USB_Event_Stub:00000000 EVENT_USB_Device_Suspend
     /tmp/ccc2kQuA.s:10     .text.USB_Event_Stub:00000000 EVENT_USB_Device_ConfigurationChanged
     /tmp/ccc2kQuA.s:10     .text.USB_Event_Stub:00000000 EVENT_USB_Device_UnhandledControlRequest
     /tmp/ccc2kQuA.s:10     .text.USB_Event_Stub:00000000 EVENT_USB_Device_Disconnect
     /tmp/ccc2kQuA.s:10     .text.USB_Event_Stub:00000000 EVENT_USB_Device_Connect

NO UNDEFINED SYMBOLS
