   1               		.file	"rf_zwave.c"
   2               	__SP_H__ = 0x3e
   3               	__SP_L__ = 0x3d
   4               	__SREG__ = 0x3f
   5               	__tmp_reg__ = 0
   6               	__zero_reg__ = 1
   7               		.section	.text.zccRX,"ax",@progbits
   8               	.global	zccRX
  10               	zccRX:
  11               	/* prologue: function */
  12               	/* frame size = 0 */
  13               	/* stack size = 0 */
  14               	.L__stack_usage = 0
  15 0000 0E94 0000 		call ccRX
  16 0004 EE98      		cbi 0x1d,6
  17 0006 0895      		ret
  19               		.section	.text.rf_zwave_init,"ax",@progbits
  20               	.global	rf_zwave_init
  22               	rf_zwave_init:
  23 0000 0F93      		push r16
  24 0002 1F93      		push r17
  25 0004 CF93      		push r28
  26 0006 DF93      		push r29
  27               	/* prologue: function */
  28               	/* frame size = 0 */
  29               	/* stack size = 4 */
  30               	.L__stack_usage = 4
  31 0008 569A      		sbi 0xa,6
  32 000a 5E9A      		sbi 0xb,6
  33 000c 8EE1      		ldi r24,lo8(30)
  34 000e 90E0      		ldi r25,0
  35 0010 0E94 0000 		call my_delay_us
  36 0014 5E98      		cbi 0xb,6
  37 0016 8EE1      		ldi r24,lo8(30)
  38 0018 90E0      		ldi r25,0
  39 001a 0E94 0000 		call my_delay_us
  40 001e 5E9A      		sbi 0xb,6
  41 0020 8DE2      		ldi r24,lo8(45)
  42 0022 90E0      		ldi r25,0
  43 0024 0E94 0000 		call my_delay_us
  44 0028 80E3      		ldi r24,lo8(48)
  45 002a 0E94 0000 		call ccStrobe
  46 002e 84E6      		ldi r24,lo8(100)
  47 0030 90E0      		ldi r25,0
  48 0032 0E94 0000 		call my_delay_us
  49 0036 8091 0000 		lds r24,zwave_drate
  50 003a 8933      		cpi r24,lo8(57)
  51 003c 01F4      		brne .L3
  52 003e C0E0      		ldi r28,lo8(ZWAVE_CFG_9600)
  53 0040 D0E0      		ldi r29,hi8(ZWAVE_CFG_9600)
  54 0042 00E0      		ldi r16,lo8(ZWAVE_CFG_9600+50)
  55 0044 10E0      		ldi r17,hi8(ZWAVE_CFG_9600+50)
  56               	.L4:
  57 0046 FE01      		movw r30,r28
  58 0048 3196      		adiw r30,1
  59               	/* #APP */
  60               	 ;  175 "../../clib/rf_zwave.c" 1
  61 004a 6491      		lpm r22, Z
  62               		
  63               	 ;  0 "" 2
  64               	/* #NOAPP */
  65 004c FE01      		movw r30,r28
  66               	/* #APP */
  67               	 ;  174 "../../clib/rf_zwave.c" 1
  68 004e 8491      		lpm r24, Z
  69               		
  70               	 ;  0 "" 2
  71               	/* #NOAPP */
  72 0050 0E94 0000 		call cc1100_writeReg
  73 0054 2296      		adiw r28,2
  74 0056 0C17      		cp r16,r28
  75 0058 1D07      		cpc r17,r29
  76 005a 01F4      		brne .L4
  77               	.L7:
  78 005c 83E3      		ldi r24,lo8(51)
  79 005e 0E94 0000 		call ccStrobe
  80 0062 84E0      		ldi r24,lo8(4)
  81 0064 0E94 0000 		call my_delay_ms
  82 0068 0E94 0000 		call zccRX
  83               	/* epilogue start */
  84 006c DF91      		pop r29
  85 006e CF91      		pop r28
  86 0070 1F91      		pop r17
  87 0072 0F91      		pop r16
  88 0074 0895      		ret
  89               	.L3:
  90 0076 8433      		cpi r24,lo8(52)
  91 0078 01F4      		brne .L5
  92 007a C0E0      		ldi r28,lo8(ZWAVE_CFG_40k)
  93 007c D0E0      		ldi r29,hi8(ZWAVE_CFG_40k)
  94               	.L6:
  95 007e FE01      		movw r30,r28
  96 0080 3196      		adiw r30,1
  97               	/* #APP */
  98               	 ;  180 "../../clib/rf_zwave.c" 1
  99 0082 6491      		lpm r22, Z
 100               		
 101               	 ;  0 "" 2
 102               	/* #NOAPP */
 103 0084 FE01      		movw r30,r28
 104               	/* #APP */
 105               	 ;  179 "../../clib/rf_zwave.c" 1
 106 0086 8491      		lpm r24, Z
 107               		
 108               	 ;  0 "" 2
 109               	/* #NOAPP */
 110 0088 0E94 0000 		call cc1100_writeReg
 111 008c 2296      		adiw r28,2
 112 008e F0E0      		ldi r31,hi8(ZWAVE_CFG_40k+50)
 113 0090 C030      		cpi r28,lo8(ZWAVE_CFG_40k+50)
 114 0092 DF07      		cpc r29,r31
 115 0094 01F4      		brne .L6
 116 0096 00C0      		rjmp .L7
 117               	.L5:
 118 0098 8133      		cpi r24,lo8(49)
 119 009a 01F4      		brne .L7
 120 009c C0E0      		ldi r28,lo8(ZWAVE_CFG_100k)
 121 009e D0E0      		ldi r29,hi8(ZWAVE_CFG_100k)
 122               	.L8:
 123 00a0 FE01      		movw r30,r28
 124 00a2 3196      		adiw r30,1
 125               	/* #APP */
 126               	 ;  185 "../../clib/rf_zwave.c" 1
 127 00a4 6491      		lpm r22, Z
 128               		
 129               	 ;  0 "" 2
 130               	/* #NOAPP */
 131 00a6 FE01      		movw r30,r28
 132               	/* #APP */
 133               	 ;  184 "../../clib/rf_zwave.c" 1
 134 00a8 8491      		lpm r24, Z
 135               		
 136               	 ;  0 "" 2
 137               	/* #NOAPP */
 138 00aa 0E94 0000 		call cc1100_writeReg
 139 00ae 2296      		adiw r28,2
 140 00b0 F0E0      		ldi r31,hi8(ZWAVE_CFG_100k+50)
 141 00b2 C030      		cpi r28,lo8(ZWAVE_CFG_100k+50)
 142 00b4 DF07      		cpc r29,r31
 143 00b6 01F4      		brne .L8
 144 00b8 00C0      		rjmp .L7
 146               		.section	.text.zwave_forMe,"ax",@progbits
 147               	.global	zwave_forMe
 149               	zwave_forMe:
 150               	/* prologue: function */
 151               	/* frame size = 0 */
 152               	/* stack size = 0 */
 153               	.L__stack_usage = 0
 154 0000 FC01      		movw r30,r24
 155 0002 9081      		ld r25,Z
 156 0004 8091 0000 		lds r24,zwave_hcid
 157 0008 9813      		cpse r25,r24
 158 000a 00C0      		rjmp .L20
 159 000c 9181      		ldd r25,Z+1
 160 000e 8091 0000 		lds r24,zwave_hcid+1
 161 0012 9813      		cpse r25,r24
 162 0014 00C0      		rjmp .L20
 163 0016 9281      		ldd r25,Z+2
 164 0018 8091 0000 		lds r24,zwave_hcid+2
 165 001c 9813      		cpse r25,r24
 166 001e 00C0      		rjmp .L20
 167 0020 9381      		ldd r25,Z+3
 168 0022 8091 0000 		lds r24,zwave_hcid+3
 169 0026 9813      		cpse r25,r24
 170 0028 00C0      		rjmp .L20
 171 002a 9085      		ldd r25,Z+8
 172 002c 8091 0000 		lds r24,zwave_hcid+4
 173 0030 9817      		cp r25,r24
 174 0032 01F0      		breq .L21
 175 0034 81E0      		ldi r24,lo8(1)
 176 0036 9F3F      		cpi r25,lo8(-1)
 177 0038 01F0      		breq .L15
 178               	.L20:
 179 003a 80E0      		ldi r24,0
 180 003c 0895      		ret
 181               	.L21:
 182 003e 81E0      		ldi r24,lo8(1)
 183               	.L15:
 184 0040 0895      		ret
 186               		.section	.text.zwave_ckSum_8bit,"ax",@progbits
 187               	.global	zwave_ckSum_8bit
 189               	zwave_ckSum_8bit:
 190               	/* prologue: function */
 191               	/* frame size = 0 */
 192               	/* stack size = 0 */
 193               	.L__stack_usage = 0
 194 0000 9C01      		movw r18,r24
 195 0002 8FEF      		ldi r24,lo8(-1)
 196               	.L26:
 197 0004 6623      		tst r22
 198 0006 01F0      		breq .L28
 199 0008 6150      		subi r22,lo8(-(-1))
 200 000a F901      		movw r30,r18
 201 000c E60F      		add r30,r22
 202 000e F11D      		adc r31,__zero_reg__
 203 0010 9081      		ld r25,Z
 204 0012 8927      		eor r24,r25
 205 0014 00C0      		rjmp .L26
 206               	.L28:
 207               	/* epilogue start */
 208 0016 0895      		ret
 210               		.section	.text.zwave_ckSum_16bit,"ax",@progbits
 211               	.global	zwave_ckSum_16bit
 213               	zwave_ckSum_16bit:
 214               	/* prologue: function */
 215               	/* frame size = 0 */
 216               	/* stack size = 0 */
 217               	.L__stack_usage = 0
 218 0000 DC01      		movw r26,r24
 219 0002 2FE0      		ldi r18,lo8(15)
 220 0004 3DE1      		ldi r19,lo8(29)
 221 0006 70E0      		ldi r23,0
 222               	.L30:
 223 0008 AD01      		movw r20,r26
 224 000a 481B      		sub r20,r24
 225 000c 590B      		sbc r21,r25
 226 000e 4617      		cp r20,r22
 227 0010 5707      		cpc r21,r23
 228 0012 04F4      		brge .L32
 229 0014 4D91      		ld r20,X+
 230 0016 E32F      		mov r30,r19
 231 0018 FF27      		clr r31
 232 001a E427      		eor r30,r20
 233 001c AF01      		movw r20,r30
 234 001e 5295      		swap r21
 235 0020 4295      		swap r20
 236 0022 4F70      		andi r20,0x0f
 237 0024 4527      		eor r20,r21
 238 0026 5F70      		andi r21,0x0f
 239 0028 4527      		eor r20,r21
 240 002a E427      		eor r30,r20
 241 002c F527      		eor r31,r21
 242 002e 322F      		mov r19,r18
 243 0030 2227      		clr r18
 244 0032 A901      		movw r20,r18
 245 0034 4E27      		eor r20,r30
 246 0036 5F27      		eor r21,r31
 247 0038 9F01      		movw r18,r30
 248 003a 322F      		mov r19,r18
 249 003c 2227      		clr r18
 250 003e 3295      		swap r19
 251 0040 307F      		andi r19,0xf0
 252 0042 2427      		eor r18,r20
 253 0044 3527      		eor r19,r21
 254 0046 45E0      		ldi r20,5
 255               		1:
 256 0048 EE0F      		lsl r30
 257 004a FF1F      		rol r31
 258 004c 4A95      		dec r20
 259 004e 01F4      		brne 1b
 260 0050 2E27      		eor r18,r30
 261 0052 3F27      		eor r19,r31
 262 0054 00C0      		rjmp .L30
 263               	.L32:
 264 0056 C901      		movw r24,r18
 265 0058 0895      		ret
 267               		.section	.text.zwave_doSend,"ax",@progbits
 268               	.global	zwave_doSend
 270               	zwave_doSend:
 271 0000 A0E0      		ldi r26,0
 272 0002 B0E0      		ldi r27,0
 273 0004 E0E0      		ldi r30,lo8(gs(1f))
 274 0006 F0E0      		ldi r31,hi8(gs(1f))
 275 0008 0C94 0000 		jmp __prologue_saves__+((18 - 8) * 2)
 276               	1:
 277               	/* prologue: function */
 278               	/* frame size = 0 */
 279               	/* stack size = 8 */
 280               	.L__stack_usage = 8
 281 000c 8C01      		movw r16,r24
 282 000e C62F      		mov r28,r22
 283 0010 8091 0000 		lds r24,zwave_drate
 284 0014 8933      		cpi r24,lo8(57)
 285 0016 01F4      		brne .L68
 286 0018 64E1      		ldi r22,lo8(20)
 287 001a 82E1      		ldi r24,lo8(18)
 288 001c 0E94 0000 		call cc1100_writeReg
 289 0020 6C2F      		mov r22,r28
 290 0022 660F      		lsl r22
 291 0024 6D5E      		subi r22,lo8(-(19))
 292               	.L68:
 293 0026 86E0      		ldi r24,lo8(6)
 294 0028 0E94 0000 		call cc1100_writeReg
 295 002c 0E94 0000 		call ccTX
 296 0030 5E98      		cbi 0xb,6
 297 0032 8FE7      		ldi r24,lo8(127)
 298 0034 0E94 0000 		call cc1100_sendbyte
 299 0038 8091 0000 		lds r24,zwave_drate
 300 003c 8933      		cpi r24,lo8(57)
 301 003e 01F0      		breq .L36
 302 0040 7801      		movw r14,r16
 303 0042 C801      		movw r24,r16
 304 0044 8C0F      		add r24,r28
 305 0046 911D      		adc r25,__zero_reg__
 306 0048 EC01      		movw r28,r24
 307 004a 00C0      		rjmp .L37
 308               	.L36:
 309 004c DFE0      		ldi r29,lo8(15)
 310               	.L38:
 311 004e 86E6      		ldi r24,lo8(102)
 312 0050 0E94 0000 		call cc1100_sendbyte
 313 0054 D150      		subi r29,lo8(-(-1))
 314 0056 01F4      		brne .L38
 315 0058 8AEA      		ldi r24,lo8(-86)
 316 005a 0E94 0000 		call cc1100_sendbyte
 317 005e 85E5      		ldi r24,lo8(85)
 318 0060 0E94 0000 		call cc1100_sendbyte
 319 0064 7801      		movw r14,r16
 320 0066 6801      		movw r12,r16
 321 0068 CC0E      		add r12,r28
 322 006a D11C      		adc r13,__zero_reg__
 323               	.L39:
 324 006c EC14      		cp r14,r12
 325 006e FD04      		cpc r15,r13
 326 0070 01F0      		breq .L69
 327 0072 F701      		movw r30,r14
 328 0074 C191      		ld r28,Z+
 329 0076 7F01      		movw r14,r30
 330 0078 C7FD      		sbrc r28,7
 331 007a 00C0      		rjmp .L57
 332 007c 90E4      		ldi r25,lo8(64)
 333 007e 00C0      		rjmp .L40
 334               	.L57:
 335 0080 90E8      		ldi r25,lo8(-128)
 336               	.L40:
 337 0082 C6FD      		sbrc r28,6
 338 0084 00C0      		rjmp .L58
 339 0086 80E1      		ldi r24,lo8(16)
 340 0088 00C0      		rjmp .L41
 341               	.L58:
 342 008a 80E2      		ldi r24,lo8(32)
 343               	.L41:
 344 008c 890F      		add r24,r25
 345 008e C5FD      		sbrc r28,5
 346 0090 00C0      		rjmp .L59
 347 0092 94E0      		ldi r25,lo8(4)
 348 0094 00C0      		rjmp .L42
 349               	.L59:
 350 0096 98E0      		ldi r25,lo8(8)
 351               	.L42:
 352 0098 890F      		add r24,r25
 353 009a C4FD      		sbrc r28,4
 354 009c 00C0      		rjmp .L60
 355 009e 91E0      		ldi r25,lo8(1)
 356 00a0 00C0      		rjmp .L43
 357               	.L60:
 358 00a2 92E0      		ldi r25,lo8(2)
 359               	.L43:
 360 00a4 890F      		add r24,r25
 361 00a6 0E94 0000 		call cc1100_sendbyte
 362 00aa C3FD      		sbrc r28,3
 363 00ac 00C0      		rjmp .L61
 364 00ae 90E4      		ldi r25,lo8(64)
 365 00b0 00C0      		rjmp .L44
 366               	.L61:
 367 00b2 90E8      		ldi r25,lo8(-128)
 368               	.L44:
 369 00b4 C2FD      		sbrc r28,2
 370 00b6 00C0      		rjmp .L62
 371 00b8 80E1      		ldi r24,lo8(16)
 372 00ba 00C0      		rjmp .L45
 373               	.L62:
 374 00bc 80E2      		ldi r24,lo8(32)
 375               	.L45:
 376 00be 890F      		add r24,r25
 377 00c0 C1FD      		sbrc r28,1
 378 00c2 00C0      		rjmp .L63
 379 00c4 94E0      		ldi r25,lo8(4)
 380 00c6 00C0      		rjmp .L46
 381               	.L63:
 382 00c8 98E0      		ldi r25,lo8(8)
 383               	.L46:
 384 00ca 890F      		add r24,r25
 385 00cc C0FD      		sbrc r28,0
 386 00ce 00C0      		rjmp .L64
 387 00d0 91E0      		ldi r25,lo8(1)
 388 00d2 00C0      		rjmp .L47
 389               	.L64:
 390 00d4 92E0      		ldi r25,lo8(2)
 391               	.L47:
 392 00d6 890F      		add r24,r25
 393 00d8 0E94 0000 		call cc1100_sendbyte
 394 00dc 00C0      		rjmp .L39
 395               	.L69:
 396 00de 80E0      		ldi r24,0
 397 00e0 0E94 0000 		call cc1100_sendbyte
 398 00e4 80E0      		ldi r24,0
 399 00e6 0E94 0000 		call cc1100_sendbyte
 400 00ea 00C0      		rjmp .L49
 401               	.L37:
 402 00ec CE15      		cp r28,r14
 403 00ee DF05      		cpc r29,r15
 404 00f0 01F0      		breq .L49
 405 00f2 F701      		movw r30,r14
 406 00f4 8191      		ld r24,Z+
 407 00f6 7F01      		movw r14,r30
 408 00f8 8095      		com r24
 409 00fa 0E94 0000 		call cc1100_sendbyte
 410 00fe 00C0      		rjmp .L37
 411               	.L49:
 412 0100 5E9A      		sbi 0xb,6
 413               	.L51:
 414 0102 85E3      		ldi r24,lo8(53)
 415 0104 0E94 0000 		call cc1100_readReg
 416 0108 8331      		cpi r24,lo8(19)
 417 010a 01F0      		breq .L51
 418 010c 6FEF      		ldi r22,lo8(-1)
 419 010e 86E0      		ldi r24,lo8(6)
 420 0110 0E94 0000 		call cc1100_writeReg
 421 0114 8091 0000 		lds r24,zwave_drate
 422 0118 8933      		cpi r24,lo8(57)
 423 011a 01F4      		brne .L52
 424 011c 6EE1      		ldi r22,lo8(30)
 425 011e 82E1      		ldi r24,lo8(18)
 426 0120 0E94 0000 		call cc1100_writeReg
 427               	.L52:
 428 0124 0E94 0000 		call zccRX
 429 0128 F801      		movw r30,r16
 430 012a 8581      		ldd r24,Z+5
 431 012c 86FF      		sbrs r24,6
 432 012e 00C0      		rjmp .L33
 433 0130 8091 0000 		lds r24,ticks
 434 0134 9091 0000 		lds r25,ticks+1
 435 0138 A091 0000 		lds r26,ticks+2
 436 013c B091 0000 		lds r27,ticks+3
 437 0140 0696      		adiw r24,6
 438 0142 A11D      		adc r26,__zero_reg__
 439 0144 B11D      		adc r27,__zero_reg__
 440 0146 8093 0000 		sts zwave_sStamp,r24
 441 014a 9093 0000 		sts zwave_sStamp+1,r25
 442 014e A093 0000 		sts zwave_sStamp+2,r26
 443 0152 B093 0000 		sts zwave_sStamp+3,r27
 444 0156 8091 0000 		lds r24,zwave_ackState
 445 015a 8F5F      		subi r24,lo8(-(1))
 446 015c 8093 0000 		sts zwave_ackState,r24
 447 0160 8230      		cpi r24,lo8(2)
 448 0162 00F0      		brlo .L55
 449 0164 8AE7      		ldi r24,lo8(122)
 450 0166 0E94 0000 		call display_char
 451 016a 82E7      		ldi r24,lo8(114)
 452 016c 0E94 0000 		call display_char
 453 0170 8091 0000 		lds r24,zwave_ackState
 454 0174 0E94 0000 		call display_hex2
 455 0178 0E94 0000 		call display_nl
 456               	.L55:
 457 017c 8091 0000 		lds r24,zwave_ackState
 458 0180 8330      		cpi r24,lo8(3)
 459 0182 00F0      		brlo .L33
 460 0184 1092 0000 		sts zwave_ackState,__zero_reg__
 461               	.L33:
 462               	/* epilogue start */
 463 0188 CDB7      		in r28,__SP_L__
 464 018a DEB7      		in r29,__SP_H__
 465 018c E8E0      		ldi r30, lo8(8)
 466 018e 0C94 0000 		jmp __epilogue_restores__ + ((18 - 8) * 2)
 468               		.section	.text.rf_zwave_task,"ax",@progbits
 469               	.global	rf_zwave_task
 471               	rf_zwave_task:
 472 0000 A8EA      		ldi r26,lo8(-88)
 473 0002 B0E0      		ldi r27,0
 474 0004 E0E0      		ldi r30,lo8(gs(1f))
 475 0006 F0E0      		ldi r31,hi8(gs(1f))
 476 0008 0C94 0000 		jmp __prologue_saves__+((18 - 12) * 2)
 477               	1:
 478               	/* prologue: function */
 479               	/* frame size = 168 */
 480               	/* stack size = 180 */
 481               	.L__stack_usage = 180
 482 000c 8091 0000 		lds r24,zwave_on
 483 0010 8823      		tst r24
 484 0012 01F4      		brne .+2
 485 0014 00C0      		rjmp .L70
 486 0016 8091 0000 		lds r24,zwave_ackState
 487 001a 8823      		tst r24
 488 001c 01F0      		breq .L72
 489 001e 4091 0000 		lds r20,ticks
 490 0022 5091 0000 		lds r21,ticks+1
 491 0026 6091 0000 		lds r22,ticks+2
 492 002a 7091 0000 		lds r23,ticks+3
 493 002e 8091 0000 		lds r24,zwave_sStamp
 494 0032 9091 0000 		lds r25,zwave_sStamp+1
 495 0036 A091 0000 		lds r26,zwave_sStamp+2
 496 003a B091 0000 		lds r27,zwave_sStamp+3
 497 003e 8417      		cp r24,r20
 498 0040 9507      		cpc r25,r21
 499 0042 A607      		cpc r26,r22
 500 0044 B707      		cpc r27,r23
 501 0046 00F4      		brsh .L72
 502 0048 6091 0000 		lds r22,zwave_sLen
 503 004c 80E0      		ldi r24,lo8(zwave_sMsg)
 504 004e 90E0      		ldi r25,hi8(zwave_sMsg)
 505 0050 0E94 0000 		call zwave_doSend
 506 0054 00C0      		rjmp .L70
 507               	.L72:
 508 0056 669B      		sbis 0xc,6
 509 0058 00C0      		rjmp .L70
 510 005a 5E98      		cbi 0xb,6
 511 005c 8FEF      		ldi r24,lo8(-1)
 512 005e 0E94 0000 		call cc1100_sendbyte
 513 0062 8E01      		movw r16,r28
 514 0064 0F5F      		subi r16,-1
 515 0066 1F4F      		sbci r17,-1
 516 0068 6E01      		movw r12,r28
 517 006a 89E0      		ldi r24,9
 518 006c C80E      		add r12,r24
 519 006e D11C      		adc r13,__zero_reg__
 520 0070 7801      		movw r14,r16
 521               	.L74:
 522 0072 80E0      		ldi r24,0
 523 0074 0E94 0000 		call cc1100_sendbyte
 524 0078 F701      		movw r30,r14
 525 007a 8083      		st Z,r24
 526 007c 9091 0000 		lds r25,zwave_drate
 527 0080 9933      		cpi r25,lo8(57)
 528 0082 01F0      		breq .L73
 529 0084 8095      		com r24
 530 0086 8083      		st Z,r24
 531               	.L73:
 532 0088 FFEF      		ldi r31,-1
 533 008a EF1A      		sub r14,r31
 534 008c FF0A      		sbc r15,r31
 535 008e EC14      		cp r14,r12
 536 0090 FD04      		cpc r15,r13
 537 0092 01F4      		brne .L74
 538 0094 5E9A      		sbi 0xb,6
 539 0096 F884      		ldd r15,Y+8
 540 0098 87EF      		ldi r24,lo8(-9)
 541 009a 8F0D      		add r24,r15
 542 009c 803A      		cpi r24,lo8(-96)
 543 009e 00F0      		brlo .L75
 544               	.L78:
 545 00a0 0E94 0000 		call rf_zwave_init
 546 00a4 00C0      		rjmp .L70
 547               	.L75:
 548 00a6 6F2D      		mov r22,r15
 549 00a8 86E0      		ldi r24,lo8(6)
 550 00aa 0E94 0000 		call cc1100_writeReg
 551 00ae 8091 0000 		lds r24,zwave_drate
 552 00b2 8133      		cpi r24,lo8(49)
 553 00b4 01F0      		breq .L100
 554 00b6 8433      		cpi r24,lo8(52)
 555 00b8 01F4      		brne .L101
 556 00ba 7CED      		ldi r23,lo8(-36)
 557 00bc A72E      		mov r10,r23
 558 00be B12C      		mov r11,__zero_reg__
 559 00c0 00C0      		rjmp .L76
 560               	.L100:
 561 00c2 6AE5      		ldi r22,lo8(90)
 562 00c4 A62E      		mov r10,r22
 563 00c6 B12C      		mov r11,__zero_reg__
 564 00c8 00C0      		rjmp .L76
 565               	.L101:
 566 00ca 58E9      		ldi r21,lo8(-104)
 567 00cc A52E      		mov r10,r21
 568 00ce 53E0      		ldi r21,lo8(3)
 569 00d0 B52E      		mov r11,r21
 570               	.L76:
 571 00d2 30EA      		ldi r19,lo8(-96)
 572 00d4 C32E      		mov r12,r19
 573 00d6 48E0      		ldi r20,lo8(8)
 574 00d8 E42E      		mov r14,r20
 575 00da 8F2C      		mov r8,r15
 576 00dc 912C      		mov r9,__zero_reg__
 577               	.L84:
 578 00de C501      		movw r24,r10
 579 00e0 0E94 0000 		call my_delay_us
 580 00e4 8BE3      		ldi r24,lo8(59)
 581 00e6 0E94 0000 		call cc1100_readReg
 582 00ea D82E      		mov r13,r24
 583 00ec 8823      		tst r24
 584 00ee 01F0      		breq .L77
 585 00f0 90E0      		ldi r25,0
 586 00f2 8E0D      		add r24,r14
 587 00f4 911D      		adc r25,__zero_reg__
 588 00f6 8816      		cp r8,r24
 589 00f8 9906      		cpc r9,r25
 590 00fa 04F0      		brlt .L78
 591 00fc 5E98      		cbi 0xb,6
 592 00fe 8FEF      		ldi r24,lo8(-1)
 593 0100 0E94 0000 		call cc1100_sendbyte
 594 0104 DE0C      		add r13,r14
 595               	.L79:
 596 0106 ED14      		cp r14,r13
 597 0108 01F0      		breq .L137
 598 010a 80E0      		ldi r24,0
 599 010c 0E94 0000 		call cc1100_sendbyte
 600 0110 9091 0000 		lds r25,zwave_drate
 601 0114 9933      		cpi r25,lo8(57)
 602 0116 01F0      		breq .L80
 603 0118 8095      		com r24
 604               	.L80:
 605 011a F801      		movw r30,r16
 606 011c EE0D      		add r30,r14
 607 011e F11D      		adc r31,__zero_reg__
 608 0120 8083      		st Z,r24
 609 0122 E394      		inc r14
 610 0124 00C0      		rjmp .L79
 611               	.L137:
 612 0126 5E9A      		sbi 0xb,6
 613 0128 EF14      		cp r14,r15
 614 012a 00F0      		brlo .L77
 615               	.L85:
 616 012c 8091 0000 		lds r24,zwave_drate
 617 0130 CF2C      		mov r12,r15
 618 0132 D12C      		mov r13,__zero_reg__
 619 0134 8133      		cpi r24,lo8(49)
 620 0136 01F4      		brne .L134
 621 0138 00C0      		rjmp .L138
 622               	.L77:
 623 013a CA94      		dec r12
 624 013c C110      		cpse r12,__zero_reg__
 625 013e 00C0      		rjmp .L84
 626 0140 00C0      		rjmp .L85
 627               	.L138:
 628 0142 EFEF      		ldi r30,lo8(-1)
 629 0144 FFEF      		ldi r31,lo8(-1)
 630 0146 EC0F      		add r30,r28
 631 0148 FD1F      		adc r31,r29
 632 014a EC0D      		add r30,r12
 633 014c FD1D      		adc r31,r13
 634 014e 8081      		ld r24,Z
 635 0150 90E0      		ldi r25,0
 636 0152 982F      		mov r25,r24
 637 0154 8827      		clr r24
 638 0156 FE01      		movw r30,r28
 639 0158 EC0D      		add r30,r12
 640 015a FD1D      		adc r31,r13
 641 015c 2081      		ld r18,Z
 642 015e 6C01      		movw r12,r24
 643 0160 C20E      		add r12,r18
 644 0162 D11C      		adc r13,__zero_reg__
 645 0164 6EEF      		ldi r22,lo8(-2)
 646 0166 6F0D      		add r22,r15
 647 0168 C801      		movw r24,r16
 648 016a 0E94 0000 		call zwave_ckSum_16bit
 649 016e EE24      		clr r14
 650 0170 E394      		inc r14
 651 0172 C816      		cp r12,r24
 652 0174 D906      		cpc r13,r25
 653 0176 01F4      		brne .L135
 654 0178 00C0      		rjmp .L87
 655               	.L134:
 656 017a 6FEF      		ldi r22,lo8(-1)
 657 017c 6F0D      		add r22,r15
 658 017e C801      		movw r24,r16
 659 0180 0E94 0000 		call zwave_ckSum_8bit
 660 0184 FE01      		movw r30,r28
 661 0186 EC0D      		add r30,r12
 662 0188 FD1D      		adc r31,r13
 663 018a EE24      		clr r14
 664 018c E394      		inc r14
 665 018e 9081      		ld r25,Z
 666 0190 9813      		cpse r25,r24
 667               	.L135:
 668 0192 E12C      		mov r14,__zero_reg__
 669               	.L87:
 670 0194 8091 0000 		lds r24,zwave_on
 671 0198 8237      		cpi r24,lo8(114)
 672 019a 01F4      		brne .L89
 673 019c C801      		movw r24,r16
 674 019e 0E94 0000 		call zwave_forMe
 675 01a2 8823      		tst r24
 676 01a4 01F0      		breq .L103
 677 01a6 EE20      		tst r14
 678 01a8 01F0      		breq .L90
 679               	.L98:
 680 01aa 8AE7      		ldi r24,lo8(122)
 681 01ac 0E94 0000 		call display_char
 682 01b0 6801      		movw r12,r16
 683               	.L91:
 684 01b2 F601      		movw r30,r12
 685 01b4 8191      		ld r24,Z+
 686 01b6 6F01      		movw r12,r30
 687 01b8 0E94 0000 		call display_hex2
 688 01bc 8C2D      		mov r24,r12
 689 01be 801B      		sub r24,r16
 690 01c0 8F15      		cp r24,r15
 691 01c2 00F0      		brlo .L91
 692 01c4 0E94 0000 		call display_nl
 693 01c8 00C0      		rjmp .L90
 694               	.L103:
 695 01ca E12C      		mov r14,__zero_reg__
 696               	.L90:
 697 01cc 8091 0000 		lds r24,zwave_on
 698 01d0 8237      		cpi r24,lo8(114)
 699 01d2 01F4      		brne .L92
 700 01d4 EE20      		tst r14
 701 01d6 01F0      		breq .L92
 702 01d8 8E81      		ldd r24,Y+6
 703 01da 982F      		mov r25,r24
 704 01dc 9370      		andi r25,lo8(3)
 705 01de 9330      		cpi r25,lo8(3)
 706 01e0 01F4      		brne .L93
 707 01e2 9091 0000 		lds r25,zwave_ackState
 708 01e6 9111      		cpse r25,__zero_reg__
 709 01e8 1092 0000 		sts zwave_ackState,__zero_reg__
 710               	.L93:
 711 01ec 86FF      		sbrs r24,6
 712 01ee 00C0      		rjmp .L92
 713 01f0 87FF      		sbrs r24,7
 714 01f2 00C0      		rjmp .L139
 715               	.L92:
 716 01f4 6FEF      		ldi r22,lo8(-1)
 717 01f6 86E0      		ldi r24,lo8(6)
 718 01f8 0E94 0000 		call cc1100_writeReg
 719 01fc 0E94 0000 		call zccRX
 720 0200 00C0      		rjmp .L70
 721               	.L89:
 722 0202 EE20      		tst r14
 723 0204 01F0      		breq .L92
 724 0206 00C0      		rjmp .L98
 725               	.L139:
 726 0208 8AE0      		ldi r24,lo8(10)
 727 020a 0E94 0000 		call my_delay_ms
 728 020e 8D81      		ldd r24,Y+5
 729 0210 8987      		std Y+9,r24
 730 0212 8091 0000 		lds r24,zwave_hcid+4
 731 0216 8D83      		std Y+5,r24
 732 0218 83E0      		ldi r24,lo8(3)
 733 021a 8E83      		std Y+6,r24
 734 021c 8091 0000 		lds r24,zwave_drate
 735 0220 8133      		cpi r24,lo8(49)
 736 0222 01F4      		brne .L94
 737 0224 8BE0      		ldi r24,lo8(11)
 738 0226 8887      		std Y+8,r24
 739 0228 69E0      		ldi r22,lo8(9)
 740 022a C801      		movw r24,r16
 741 022c 0E94 0000 		call zwave_ckSum_16bit
 742 0230 9A87      		std Y+10,r25
 743 0232 8B87      		std Y+11,r24
 744 0234 6BE0      		ldi r22,lo8(11)
 745 0236 00C0      		rjmp .L136
 746               	.L94:
 747 0238 8AE0      		ldi r24,lo8(10)
 748 023a 8887      		std Y+8,r24
 749 023c 69E0      		ldi r22,lo8(9)
 750 023e C801      		movw r24,r16
 751 0240 0E94 0000 		call zwave_ckSum_8bit
 752 0244 8A87      		std Y+10,r24
 753 0246 6AE0      		ldi r22,lo8(10)
 754               	.L136:
 755 0248 C801      		movw r24,r16
 756 024a 0E94 0000 		call zwave_doSend
 757 024e 8AE7      		ldi r24,lo8(122)
 758 0250 0E94 0000 		call display_char
 759 0254 81E6      		ldi r24,lo8(97)
 760 0256 0E94 0000 		call display_char
 761 025a 8985      		ldd r24,Y+9
 762 025c 0E94 0000 		call display_hex2
 763 0260 0E94 0000 		call display_nl
 764               	.L70:
 765               	/* epilogue start */
 766 0264 C855      		subi r28,88
 767 0266 DF4F      		sbci r29,-1
 768 0268 ECE0      		ldi r30, lo8(12)
 769 026a 0C94 0000 		jmp __epilogue_restores__ + ((18 - 12) * 2)
 771               		.section	.text.zwave_func,"ax",@progbits
 772               	.global	zwave_func
 774               	zwave_func:
 775               	/* prologue: function */
 776               	/* frame size = 0 */
 777               	/* stack size = 0 */
 778               	.L__stack_usage = 0
 779 0000 FC01      		movw r30,r24
 780 0002 2181      		ldd r18,Z+1
 781 0004 2237      		cpi r18,lo8(114)
 782 0006 01F0      		breq .L141
 783 0008 2D36      		cpi r18,lo8(109)
 784 000a 01F4      		brne .L142
 785               	.L141:
 786 000c FC01      		movw r30,r24
 787 000e 8281      		ldd r24,Z+2
 788 0010 8111      		cpse r24,__zero_reg__
 789 0012 00C0      		rjmp .L143
 790 0014 84E3      		ldi r24,lo8(52)
 791               	.L143:
 792 0016 8093 0000 		sts zwave_drate,r24
 793 001a 2093 0000 		sts zwave_on,r18
 794 001e 0E94 0000 		call rf_zwave_init
 795 0022 0895      		ret
 796               	.L142:
 797 0024 2337      		cpi r18,lo8(115)
 798 0026 01F4      		brne .L145
 799 0028 1092 0000 		sts zwave_ackState,__zero_reg__
 800 002c 48EA      		ldi r20,lo8(-88)
 801 002e 60E0      		ldi r22,lo8(zwave_sMsg)
 802 0030 70E0      		ldi r23,hi8(zwave_sMsg)
 803 0032 0296      		adiw r24,2
 804 0034 0E94 0000 		call fromhex
 805 0038 8093 0000 		sts zwave_sLen,r24
 806 003c 682F      		mov r22,r24
 807 003e 80E0      		ldi r24,lo8(zwave_sMsg)
 808 0040 90E0      		ldi r25,hi8(zwave_sMsg)
 809 0042 0E94 0000 		call zwave_doSend
 810 0046 0895      		ret
 811               	.L145:
 812 0048 2936      		cpi r18,lo8(105)
 813 004a 01F4      		brne .L146
 814 004c FC01      		movw r30,r24
 815 004e 2281      		ldd r18,Z+2
 816 0050 2223      		tst r18
 817 0052 01F0      		breq .L147
 818 0054 45E0      		ldi r20,lo8(5)
 819 0056 60E0      		ldi r22,lo8(zwave_hcid)
 820 0058 70E0      		ldi r23,hi8(zwave_hcid)
 821 005a 0296      		adiw r24,2
 822 005c 0E94 0000 		call fromhex
 823 0060 0895      		ret
 824               	.L147:
 825 0062 8091 0000 		lds r24,zwave_on
 826 0066 0E94 0000 		call display_char
 827 006a 8091 0000 		lds r24,zwave_drate
 828 006e 0E94 0000 		call display_char
 829 0072 80E2      		ldi r24,lo8(32)
 830 0074 0E94 0000 		call display_char
 831 0078 8091 0000 		lds r24,zwave_hcid
 832 007c 0E94 0000 		call display_hex2
 833 0080 8091 0000 		lds r24,zwave_hcid+1
 834 0084 0E94 0000 		call display_hex2
 835 0088 8091 0000 		lds r24,zwave_hcid+2
 836 008c 0E94 0000 		call display_hex2
 837 0090 8091 0000 		lds r24,zwave_hcid+3
 838 0094 0E94 0000 		call display_hex2
 839 0098 80E2      		ldi r24,lo8(32)
 840 009a 0E94 0000 		call display_char
 841 009e 8091 0000 		lds r24,zwave_hcid+4
 842 00a2 0E94 0000 		call display_hex2
 843 00a6 0E94 0000 		call display_nl
 844 00aa 0895      		ret
 845               	.L146:
 846 00ac 1092 0000 		sts zwave_on,__zero_reg__
 847 00b0 0895      		ret
 849               	.global	ZWAVE_CFG_100k
 850               		.section	.progmem.data,"a",@progbits
 853               	ZWAVE_CFG_100k:
 854 0000 00        		.byte	0
 855 0001 01        		.byte	1
 856 0002 02        		.byte	2
 857 0003 2E        		.byte	46
 858 0004 03        		.byte	3
 859 0005 01        		.byte	1
 860 0006 04        		.byte	4
 861 0007 AA        		.byte	-86
 862 0008 05        		.byte	5
 863 0009 0F        		.byte	15
 864 000a 06        		.byte	6
 865 000b FF        		.byte	-1
 866 000c 07        		.byte	7
 867 000d 00        		.byte	0
 868 000e 08        		.byte	8
 869 000f 00        		.byte	0
 870 0010 0B        		.byte	11
 871 0011 06        		.byte	6
 872 0012 0D        		.byte	13
 873 0013 21        		.byte	33
 874 0014 0E        		.byte	14
 875 0015 74        		.byte	116
 876 0016 0F        		.byte	15
 877 0017 AD        		.byte	-83
 878 0018 10        		.byte	16
 879 0019 4B        		.byte	75
 880 001a 11        		.byte	17
 881 001b F8        		.byte	-8
 882 001c 12        		.byte	18
 883 001d 16        		.byte	22
 884 001e 13        		.byte	19
 885 001f 72        		.byte	114
 886 0020 15        		.byte	21
 887 0021 41        		.byte	65
 888 0022 18        		.byte	24
 889 0023 18        		.byte	24
 890 0024 19        		.byte	25
 891 0025 16        		.byte	22
 892 0026 1B        		.byte	27
 893 0027 03        		.byte	3
 894 0028 23        		.byte	35
 895 0029 E9        		.byte	-23
 896 002a 24        		.byte	36
 897 002b 2A        		.byte	42
 898 002c 25        		.byte	37
 899 002d 00        		.byte	0
 900 002e 26        		.byte	38
 901 002f 1F        		.byte	31
 902 0030 3E        		.byte	62
 903 0031 50        		.byte	80
 904               	.global	ZWAVE_CFG_40k
 907               	ZWAVE_CFG_40k:
 908 0032 00        		.byte	0
 909 0033 01        		.byte	1
 910 0034 02        		.byte	2
 911 0035 2E        		.byte	46
 912 0036 03        		.byte	3
 913 0037 01        		.byte	1
 914 0038 04        		.byte	4
 915 0039 AA        		.byte	-86
 916 003a 05        		.byte	5
 917 003b 0F        		.byte	15
 918 003c 06        		.byte	6
 919 003d FF        		.byte	-1
 920 003e 07        		.byte	7
 921 003f 00        		.byte	0
 922 0040 08        		.byte	8
 923 0041 00        		.byte	0
 924 0042 0B        		.byte	11
 925 0043 06        		.byte	6
 926 0044 0D        		.byte	13
 927 0045 21        		.byte	33
 928 0046 0E        		.byte	14
 929 0047 66        		.byte	102
 930 0048 0F        		.byte	15
 931 0049 66        		.byte	102
 932 004a 10        		.byte	16
 933 004b CA        		.byte	-54
 934 004c 11        		.byte	17
 935 004d 93        		.byte	-109
 936 004e 12        		.byte	18
 937 004f 06        		.byte	6
 938 0050 13        		.byte	19
 939 0051 52        		.byte	82
 940 0052 15        		.byte	21
 941 0053 35        		.byte	53
 942 0054 18        		.byte	24
 943 0055 18        		.byte	24
 944 0056 19        		.byte	25
 945 0057 16        		.byte	22
 946 0058 1B        		.byte	27
 947 0059 03        		.byte	3
 948 005a 23        		.byte	35
 949 005b E9        		.byte	-23
 950 005c 24        		.byte	36
 951 005d 2A        		.byte	42
 952 005e 25        		.byte	37
 953 005f 00        		.byte	0
 954 0060 26        		.byte	38
 955 0061 1F        		.byte	31
 956 0062 3E        		.byte	62
 957 0063 50        		.byte	80
 958               	.global	ZWAVE_CFG_9600
 961               	ZWAVE_CFG_9600:
 962 0064 00        		.byte	0
 963 0065 01        		.byte	1
 964 0066 02        		.byte	2
 965 0067 2E        		.byte	46
 966 0068 03        		.byte	3
 967 0069 01        		.byte	1
 968 006a 04        		.byte	4
 969 006b 55        		.byte	85
 970 006c 05        		.byte	5
 971 006d F0        		.byte	-16
 972 006e 06        		.byte	6
 973 006f FF        		.byte	-1
 974 0070 07        		.byte	7
 975 0071 00        		.byte	0
 976 0072 08        		.byte	8
 977 0073 00        		.byte	0
 978 0074 0B        		.byte	11
 979 0075 06        		.byte	6
 980 0076 0D        		.byte	13
 981 0077 21        		.byte	33
 982 0078 0E        		.byte	14
 983 0079 66        		.byte	102
 984 007a 0F        		.byte	15
 985 007b 99        		.byte	-103
 986 007c 10        		.byte	16
 987 007d 59        		.byte	89
 988 007e 11        		.byte	17
 989 007f 83        		.byte	-125
 990 0080 12        		.byte	18
 991 0081 1E        		.byte	30
 992 0082 13        		.byte	19
 993 0083 52        		.byte	82
 994 0084 15        		.byte	21
 995 0085 35        		.byte	53
 996 0086 18        		.byte	24
 997 0087 18        		.byte	24
 998 0088 19        		.byte	25
 999 0089 16        		.byte	22
 1000 008a 1B        		.byte	27
 1001 008b 03        		.byte	3
 1002 008c 23        		.byte	35
 1003 008d E9        		.byte	-23
 1004 008e 24        		.byte	36
 1005 008f 2A        		.byte	42
 1006 0090 25        		.byte	37
 1007 0091 00        		.byte	0
 1008 0092 26        		.byte	38
 1009 0093 1F        		.byte	31
 1010 0094 3E        		.byte	62
 1011 0095 50        		.byte	80
 1012               		.comm	zwave_sStamp,4,1
 1013               		.comm	zwave_sLen,1,1
 1014               	.global	zwave_ackState
 1015               		.section .bss
 1018               	zwave_ackState:
 1019 0000 00        		.zero	1
 1020               		.comm	zwave_sMsg,168,1
 1021               		.comm	zwave_hcid,5,1
 1022               		.comm	zwave_drate,1,1
 1023               	.global	zwave_on
 1026               	zwave_on:
 1027 0001 00        		.zero	1
 1028               		.ident	"GCC: (GNU) 5.4.0"
 1029               	.global __do_clear_bss
DEFINED SYMBOLS
                            *ABS*:00000000 rf_zwave.c
     /tmp/cc9tNoXU.s:2      *ABS*:0000003e __SP_H__
     /tmp/cc9tNoXU.s:3      *ABS*:0000003d __SP_L__
     /tmp/cc9tNoXU.s:4      *ABS*:0000003f __SREG__
     /tmp/cc9tNoXU.s:5      *ABS*:00000000 __tmp_reg__
     /tmp/cc9tNoXU.s:6      *ABS*:00000001 __zero_reg__
     /tmp/cc9tNoXU.s:10     .text.zccRX:00000000 zccRX
     /tmp/cc9tNoXU.s:22     .text.rf_zwave_init:00000000 rf_zwave_init
                            *COM*:00000001 zwave_drate
     /tmp/cc9tNoXU.s:961    .progmem.data:00000064 ZWAVE_CFG_9600
     /tmp/cc9tNoXU.s:907    .progmem.data:00000032 ZWAVE_CFG_40k
     /tmp/cc9tNoXU.s:853    .progmem.data:00000000 ZWAVE_CFG_100k
     /tmp/cc9tNoXU.s:149    .text.zwave_forMe:00000000 zwave_forMe
                            *COM*:00000005 zwave_hcid
     /tmp/cc9tNoXU.s:189    .text.zwave_ckSum_8bit:00000000 zwave_ckSum_8bit
     /tmp/cc9tNoXU.s:213    .text.zwave_ckSum_16bit:00000000 zwave_ckSum_16bit
     /tmp/cc9tNoXU.s:270    .text.zwave_doSend:00000000 zwave_doSend
                            *COM*:00000004 zwave_sStamp
     /tmp/cc9tNoXU.s:1018   .bss:00000000 zwave_ackState
     /tmp/cc9tNoXU.s:471    .text.rf_zwave_task:00000000 rf_zwave_task
     /tmp/cc9tNoXU.s:1026   .bss:00000001 zwave_on
                            *COM*:00000001 zwave_sLen
                            *COM*:000000a8 zwave_sMsg
     /tmp/cc9tNoXU.s:774    .text.zwave_func:00000000 zwave_func

UNDEFINED SYMBOLS
ccRX
my_delay_us
ccStrobe
cc1100_writeReg
my_delay_ms
__prologue_saves__
ccTX
cc1100_sendbyte
cc1100_readReg
ticks
display_char
display_hex2
display_nl
__epilogue_restores__
fromhex
__do_clear_bss
