   1               		.file	"LowLevel.c"
   2               	__SP_H__ = 0x3e
   3               	__SP_L__ = 0x3d
   4               	__SREG__ = 0x3f
   5               	__tmp_reg__ = 0
   6               	__zero_reg__ = 1
   7               		.section	.text.USB_ResetInterface,"ax",@progbits
   8               	.global	USB_ResetInterface
  10               	USB_ResetInterface:
  11               	/* prologue: function */
  12               	/* frame size = 0 */
  13               	/* stack size = 0 */
  14               	.L__stack_usage = 0
  15 0000 0E94 0000 		call USB_INT_DisableAllInterrupts
  16 0004 0E94 0000 		call USB_INT_ClearAllInterrupts
  17 0008 1092 0000 		sts USB_DeviceState,__zero_reg__
  18 000c 1092 0000 		sts USB_ConfigurationNumber,__zero_reg__
  19 0010 1092 0000 		sts USB_RemoteWakeupEnabled,__zero_reg__
  20 0014 1092 0000 		sts USB_CurrentlySelfPowered,__zero_reg__
  21 0018 8AE4      		ldi r24,lo8(74)
  22 001a 82BF      		out 0x32,r24
  23 001c 80E1      		ldi r24,lo8(16)
  24 001e 89BD      		out 0x29,r24
  25 0020 89B5      		in r24,0x29
  26 0022 8260      		ori r24,lo8(2)
  27 0024 89BD      		out 0x29,r24
  28               	.L2:
  29 0026 09B4      		in __tmp_reg__,0x29
  30 0028 00FE      		sbrs __tmp_reg__,0
  31 002a 00C0      		rjmp .L2
  32 002c 8091 D800 		lds r24,216
  33 0030 982F      		mov r25,r24
  34 0032 9F77      		andi r25,lo8(127)
  35 0034 9093 D800 		sts 216,r25
  36 0038 8068      		ori r24,lo8(-128)
  37 003a 8093 D800 		sts 216,r24
  38 003e 8091 D700 		lds r24,215
  39 0042 8160      		ori r24,lo8(1)
  40 0044 8093 D700 		sts 215,r24
  41 0048 8091 D800 		lds r24,216
  42 004c 8F7D      		andi r24,lo8(-33)
  43 004e 8093 D800 		sts 216,r24
  44 0052 8091 E000 		lds r24,224
  45 0056 8B7F      		andi r24,lo8(-5)
  46 0058 8093 E000 		sts 224,r24
  47 005c 8091 E000 		lds r24,224
  48 0060 8E7F      		andi r24,lo8(-2)
  49 0062 8093 E000 		sts 224,r24
  50 0066 8091 E100 		lds r24,225
  51 006a 8E7F      		andi r24,lo8(-2)
  52 006c 8093 E100 		sts 225,r24
  53 0070 8091 E200 		lds r24,226
  54 0074 8160      		ori r24,lo8(1)
  55 0076 8093 E200 		sts 226,r24
  56 007a 8091 E100 		lds r24,225
  57 007e 877F      		andi r24,lo8(-9)
  58 0080 8093 E100 		sts 225,r24
  59 0084 8091 E200 		lds r24,226
  60 0088 8860      		ori r24,lo8(8)
  61 008a 8093 E200 		sts 226,r24
  62 008e 8091 D800 		lds r24,216
  63 0092 8160      		ori r24,lo8(1)
  64 0094 8093 D800 		sts 216,r24
  65 0098 0895      		ret
  67               		.section	.text.USB_Init,"ax",@progbits
  68               	.global	USB_Init
  70               	USB_Init:
  71               	/* prologue: function */
  72               	/* frame size = 0 */
  73               	/* stack size = 0 */
  74               	.L__stack_usage = 0
  75 0000 0E94 0000 		call USB_ResetInterface
  76 0004 E8ED      		ldi r30,lo8(-40)
  77 0006 F0E0      		ldi r31,0
  78 0008 8081      		ld r24,Z
  79 000a 8061      		ori r24,lo8(16)
  80 000c 8083      		st Z,r24
  81 000e 81E0      		ldi r24,lo8(1)
  82 0010 8093 0000 		sts USB_IsInitialized,r24
  83               	/* #APP */
  84               	 ;  106 "../../lufa/Drivers/USB/LowLevel/LowLevel.c" 1
  85 0014 7894      		sei
  86               	 ;  0 "" 2
  87               	/* #NOAPP */
  88 0016 0895      		ret
  90               		.section	.text.USB_ShutDown,"ax",@progbits
  91               	.global	USB_ShutDown
  93               	USB_ShutDown:
  94               	/* prologue: function */
  95               	/* frame size = 0 */
  96               	/* stack size = 0 */
  97               	.L__stack_usage = 0
  98 0000 0E94 0000 		call USB_ResetInterface
  99 0004 E0EE      		ldi r30,lo8(-32)
 100 0006 F0E0      		ldi r31,0
 101 0008 8081      		ld r24,Z
 102 000a 8160      		ori r24,lo8(1)
 103 000c 8083      		st Z,r24
 104 000e E8ED      		ldi r30,lo8(-40)
 105 0010 F0E0      		ldi r31,0
 106 0012 8081      		ld r24,Z
 107 0014 8F77      		andi r24,lo8(127)
 108 0016 8083      		st Z,r24
 109 0018 19BC      		out 0x29,__zero_reg__
 110 001a 8081      		ld r24,Z
 111 001c 8F7E      		andi r24,lo8(-17)
 112 001e 8083      		st Z,r24
 113 0020 1092 0000 		sts USB_IsInitialized,__zero_reg__
 114 0024 0895      		ret
 116               		.ident	"GCC: (GNU) 5.4.0"
DEFINED SYMBOLS
                            *ABS*:00000000 LowLevel.c
     /tmp/cch264H2.s:2      *ABS*:0000003e __SP_H__
     /tmp/cch264H2.s:3      *ABS*:0000003d __SP_L__
     /tmp/cch264H2.s:4      *ABS*:0000003f __SREG__
     /tmp/cch264H2.s:5      *ABS*:00000000 __tmp_reg__
     /tmp/cch264H2.s:6      *ABS*:00000001 __zero_reg__
     /tmp/cch264H2.s:10     .text.USB_ResetInterface:00000000 USB_ResetInterface
     /tmp/cch264H2.s:70     .text.USB_Init:00000000 USB_Init
     /tmp/cch264H2.s:93     .text.USB_ShutDown:00000000 USB_ShutDown

UNDEFINED SYMBOLS
USB_INT_DisableAllInterrupts
USB_INT_ClearAllInterrupts
USB_DeviceState
USB_ConfigurationNumber
USB_RemoteWakeupEnabled
USB_CurrentlySelfPowered
USB_IsInitialized
